2015/12/13 20:28:50 INFO  - jmeter.util.JMeterUtils: Setting Locale to es_ES 
2015/12/13 20:28:50 INFO  - jmeter.util.JMeterUtils: Could not find resources for 'es_ES', using 'es' 
2015/12/13 20:28:50 INFO  - jmeter.JMeter: Loading user properties from: C:\Users\Marina\Documents\ProcessEngineeringSoftware\apache-jmeter-2.13\apache-jmeter-2.13\bin\user.properties 
2015/12/13 20:28:50 INFO  - jmeter.JMeter: Loading system properties from: C:\Users\Marina\Documents\ProcessEngineeringSoftware\apache-jmeter-2.13\apache-jmeter-2.13\bin\system.properties 
2015/12/13 20:28:50 INFO  - jmeter.JMeter: Copyright (c) 1998-2015 The Apache Software Foundation 
2015/12/13 20:28:50 INFO  - jmeter.JMeter: Version 2.13 r1665067 
2015/12/13 20:28:50 INFO  - jmeter.JMeter: java.version=1.7.0_03 
2015/12/13 20:28:50 INFO  - jmeter.JMeter: java.vm.name=Java HotSpot(TM) Client VM 
2015/12/13 20:28:50 INFO  - jmeter.JMeter: os.name=Windows NT (unknown) 
2015/12/13 20:28:50 INFO  - jmeter.JMeter: os.arch=x86 
2015/12/13 20:28:50 INFO  - jmeter.JMeter: os.version=6.2 
2015/12/13 20:28:50 INFO  - jmeter.JMeter: file.encoding=Cp1252 
2015/12/13 20:28:50 INFO  - jmeter.JMeter: Default Locale=español (España) 
2015/12/13 20:28:50 INFO  - jmeter.JMeter: JMeter  Locale=español (España) 
2015/12/13 20:28:50 INFO  - jmeter.JMeter: JMeterHome=C:\Users\Marina\Documents\ProcessEngineeringSoftware\apache-jmeter-2.13\apache-jmeter-2.13 
2015/12/13 20:28:50 INFO  - jmeter.JMeter: user.dir  =C:\Users\Marina\Documents\ProcessEngineeringSoftware\apache-jmeter-2.13\apache-jmeter-2.13\bin 
2015/12/13 20:28:50 INFO  - jmeter.JMeter: PWD       =C:\Users\Marina\Documents\ProcessEngineeringSoftware\apache-jmeter-2.13\apache-jmeter-2.13\bin 
2015/12/13 20:28:50 INFO  - jmeter.JMeter: IP: 192.168.1.13 Name: MG-PC FullName: MG-PC 
2015/12/13 20:28:50 INFO  - jmeter.gui.action.LookAndFeelCommand: Using look and feel: javax.swing.plaf.metal.MetalLookAndFeel [Metal, CrossPlatform] 
2015/12/13 20:28:50 INFO  - jmeter.JMeter: Loaded icon properties from org/apache/jmeter/images/icon.properties 
2015/12/13 20:28:52 INFO  - jmeter.engine.util.CompoundVariable: Note: Function class names must contain the string: '.functions.' 
2015/12/13 20:28:52 INFO  - jmeter.engine.util.CompoundVariable: Note: Function class names must not contain the string: '.gui.' 
2015/12/13 20:28:53 INFO  - jmeter.util.BSFTestElement: Registering JMeter version of JavaScript engine as work-round for BSF-22 
2015/12/13 20:28:53 INFO  - jmeter.protocol.http.sampler.HTTPSamplerBase: Cannot find .className property for htmlParser, using default 
2015/12/13 20:28:53 INFO  - jmeter.protocol.http.sampler.HTTPSamplerBase: Parser for text/html is  
2015/12/13 20:28:53 INFO  - jmeter.protocol.http.sampler.HTTPSamplerBase: Parser for application/xhtml+xml is  
2015/12/13 20:28:53 INFO  - jmeter.protocol.http.sampler.HTTPSamplerBase: Parser for application/xml is  
2015/12/13 20:28:53 INFO  - jmeter.protocol.http.sampler.HTTPSamplerBase: Parser for text/xml is  
2015/12/13 20:28:53 INFO  - jmeter.protocol.http.sampler.HTTPSamplerBase: Parser for text/vnd.wap.wml is org.apache.jmeter.protocol.http.parser.RegexpHTMLParser 
2015/12/13 20:28:53 INFO  - jmeter.gui.util.MenuFactory: Skipping org.apache.jmeter.protocol.http.control.gui.WebServiceSamplerGui 
2015/12/13 20:28:53 INFO  - jmeter.gui.util.MenuFactory: Skipping org.apache.jmeter.protocol.http.modifier.gui.ParamModifierGui 
2015/12/13 20:28:54 INFO  - jorphan.exec.KeyToolUtils: keytool found at 'keytool' 
2015/12/13 20:28:54 INFO  - jmeter.protocol.http.proxy.ProxyControl: HTTP(S) Test Script Recorder SSL Proxy will use keys that support embedded 3rd party resources in file C:\Users\Marina\Documents\ProcessEngineeringSoftware\apache-jmeter-2.13\apache-jmeter-2.13\bin\proxyserver.jks 
2015/12/13 20:28:55 INFO  - jmeter.samplers.SampleResult: Note: Sample TimeStamps are START times 
2015/12/13 20:28:55 INFO  - jmeter.samplers.SampleResult: sampleresult.default.encoding is set to ISO-8859-1 
2015/12/13 20:28:55 INFO  - jmeter.samplers.SampleResult: sampleresult.useNanoTime=true 
2015/12/13 20:28:55 INFO  - jmeter.samplers.SampleResult: sampleresult.nanoThreadSleep=5000 
2015/12/13 20:29:13 INFO  - jmeter.services.FileServer: Default base='C:\Users\Marina\Documents\ProcessEngineeringSoftware\apache-jmeter-2.13\apache-jmeter-2.13\bin' 
2015/12/13 20:29:13 INFO  - jmeter.gui.action.Load: Loading file: C:\Users\Marina\Documents\ProcessEngineeringSoftware\Pruebas del Monopoly.jmx 
2015/12/13 20:29:13 INFO  - jmeter.services.FileServer: Set new base='C:\Users\Marina\Documents\ProcessEngineeringSoftware' 
2015/12/13 20:29:13 INFO  - jmeter.save.SaveService: Testplan (JMX) version: 2.2. Testlog (JTL) version: 2.2 
2015/12/13 20:29:13 INFO  - jmeter.save.SaveService: Using SaveService properties file encoding UTF-8 
2015/12/13 20:29:13 INFO  - jmeter.save.SaveService: Using SaveService properties file version 1656252 
2015/12/13 20:29:13 INFO  - jmeter.save.SaveService: Using SaveService properties version 2.8 
2015/12/13 20:29:13 INFO  - jmeter.save.SaveService: All converter versions present and correct 
2015/12/13 20:29:13 INFO  - jmeter.save.SaveService: Loading file: C:\Users\Marina\Documents\ProcessEngineeringSoftware\Pruebas del Monopoly.jmx 
2015/12/13 20:29:13 INFO  - jmeter.services.FileServer: Set new base='C:\Users\Marina\Documents\ProcessEngineeringSoftware' 
2015/12/13 20:29:21 INFO  - jmeter.engine.StandardJMeterEngine: Listeners will be started after enabling running version 
2015/12/13 20:29:21 INFO  - jmeter.engine.StandardJMeterEngine: To revert to the earlier behaviour, define jmeterengine.startlistenerslater=false 
2015/12/13 20:29:21 INFO  - jmeter.engine.StandardJMeterEngine: Running the test! 
2015/12/13 20:29:21 INFO  - jmeter.samplers.SampleEvent: List of sample_variables: [] 
2015/12/13 20:29:21 INFO  - jmeter.samplers.SampleEvent: List of sample_variables: [] 
2015/12/13 20:29:21 INFO  - jmeter.gui.util.JMeterMenuBar: setRunning(true,*local*) 
2015/12/13 20:29:21 INFO  - jmeter.engine.StandardJMeterEngine: Starting ThreadGroup: 1 : API REST Monopoly 
2015/12/13 20:29:21 INFO  - jmeter.engine.StandardJMeterEngine: Starting 1 threads for group API REST Monopoly. 
2015/12/13 20:29:21 INFO  - jmeter.engine.StandardJMeterEngine: Thread will continue on error 
2015/12/13 20:29:21 INFO  - jmeter.threads.ThreadGroup: Starting thread group number 1 threads 1 ramp-up 1 perThread 1000.0 delayedStart=false 
2015/12/13 20:29:21 INFO  - jmeter.threads.JMeterThread: jmeterthread.startearlier=true (see jmeter.properties) 
2015/12/13 20:29:21 INFO  - jmeter.threads.JMeterThread: Running PostProcessors in forward order 
2015/12/13 20:29:21 INFO  - jmeter.threads.ThreadGroup: Started thread group number 1 
2015/12/13 20:29:21 INFO  - jmeter.engine.StandardJMeterEngine: All thread groups have been started 
2015/12/13 20:29:21 INFO  - jmeter.threads.JMeterThread: Thread started: API REST Monopoly 1-1 
2015/12/13 20:29:21 INFO  - jmeter.protocol.http.sampler.HTTPHCAbstractImpl: Local host = MG-PC 
2015/12/13 20:29:21 INFO  - jmeter.protocol.http.sampler.HTTPHC4Impl: HTTP request retry count = 0 
2015/12/13 20:29:21 INFO  - jmeter.protocol.http.sampler.HTTPHC4Impl: Setting up HTTPS TrustAll scheme 
2015/12/13 20:29:21 INFO  - jmeter.util.JsseSSLManager: Using default SSL protocol: TLS 
2015/12/13 20:29:21 INFO  - jmeter.util.JsseSSLManager: SSL session context: per-thread 
2015/12/13 20:29:22 INFO  - jmeter.threads.JMeterThread: Thread is done: API REST Monopoly 1-1 
2015/12/13 20:29:22 INFO  - jmeter.threads.JMeterThread: Thread finished: API REST Monopoly 1-1 
2015/12/13 20:29:22 INFO  - jmeter.engine.StandardJMeterEngine: Notifying test listeners of end of test 
2015/12/13 20:29:22 INFO  - jmeter.gui.util.JMeterMenuBar: setRunning(false,*local*) 
